#
# There is insufficient memory for the Java Runtime Environment to continue.
# Native memory allocation (mmap) failed to map 534773760 bytes for Failed to commit area from 0x0000000602c00000 to 0x0000000622a00000 of length 534773760.
# Possible reasons:
#   The system is out of physical RAM or swap space
#   The process is running with CompressedOops enabled, and the Java Heap may be blocking the growth of the native heap
# Possible solutions:
#   Reduce memory load on the system
#   Increase physical memory or swap space
#   Check if swap backing store is full
#   Decrease Java heap size (-Xmx/-Xms)
#   Decrease number of Java threads
#   Decrease Java thread stack sizes (-Xss)
#   Set larger code cache with -XX:ReservedCodeCacheSize=
# This output file may be truncated or incomplete.
#
#  Out of Memory Error (./src/hotspot/os/windows/os_windows.cpp:3386), pid=10824, tid=21180
#
# JRE version:  (11.0.16.1+9) (build )
# Java VM: OpenJDK 64-Bit Server VM (11.0.16.1+9-LTS, mixed mode, sharing, tiered, compressed oops, g1 gc, windows-amd64)
# No core dump will be written. Minidumps are not enabled by default on client versions of Windows
#

---------------  S U M M A R Y ------------

Command Line: -ea -Didea.test.cyclic.buffer.size=1048576 -javaagent:C:\Program Files\JetBrains\IntelliJ IDEA 2023.3.4\lib\idea_rt.jar=1787:C:\Program Files\JetBrains\IntelliJ IDEA 2023.3.4\bin -Dfile.encoding=UTF-8 com.intellij.rt.junit.JUnitStarter -ideVersion5 -junit5 TestServiceClaim,testGetClaimByEmail

Host: Intel(R) Core(TM) i7-10750H CPU @ 2.60GHz, 12 cores, 31G,  Windows 10 , 64 bit Build 19041 (10.0.19041.3636)
Time: Thu Mar  7 18:45:31 2024 Russia TZ 2 Standard Time elapsed time: 0.011872 seconds (0d 0h 0m 0s)

---------------  T H R E A D  ---------------

Current thread (0x000002afa9147800):  JavaThread "Unknown thread" [_thread_in_vm, id=21180, stack(0x000000b347200000,0x000000b347300000)]

Stack: [0x000000b347200000,0x000000b347300000]
Native frames: (J=compiled Java code, j=interpreted, Vv=VM code, C=native code)
V  [jvm.dll+0x61f23a]
V  [jvm.dll+0x7ac419]
V  [jvm.dll+0x7adb08]
V  [jvm.dll+0x7ae1e3]
V  [jvm.dll+0x24fa98]
V  [jvm.dll+0x61c54a]
V  [jvm.dll+0x610cf5]
V  [jvm.dll+0x3079bc]
V  [jvm.dll+0x307842]
V  [jvm.dll+0x30c556]
V  [jvm.dll+0x352bff]
V  [jvm.dll+0x352630]
V  [jvm.dll+0x2e49b8]
V  [jvm.dll+0x2e5b16]
V  [jvm.dll+0x786267]
V  [jvm.dll+0x7879ef]
V  [jvm.dll+0x35f939]
V  [jvm.dll+0x7691d0]
V  [jvm.dll+0x3cd45f]
V  [jvm.dll+0x3cf7f1]
C  [jli.dll+0x5207]
C  [ucrtbase.dll+0x21bb2]
C  [KERNEL32.DLL+0x17344]
C  [ntdll.dll+0x526b1]


---------------  P R O C E S S  ---------------

Threads class SMR info:
_java_thread_list=0x000002afa6f82e40, length=0, elements={
}

Java Threads: ( => current thread )

Other Threads:
  0x000002afa9161000 GCTaskThread "GC Thread#0" [stack: 0x000000b347300000,0x000000b347400000] [id=22480]
  0x000002afa91e0800 ConcurrentGCThread "G1 Main Marker" [stack: 0x000000b347400000,0x000000b347500000] [id=23880]
  0x000002afa91e2000 ConcurrentGCThread "G1 Conc#0" [stack: 0x000000b347500000,0x000000b347600000] [id=26740]

[error occurred during error reporting (printing all threads), id 0xc0000005, EXCEPTION_ACCESS_VIOLATION (0xc0000005) at pc=0x00007ffc52104187]

VM state:not at safepoint (not fully initialized)

VM Mutex/Monitor currently owned by a thread:  ([mutex/lock_event])
[0x000002afa9142070] Heap_lock - owner thread: 0x000002afa9147800

Heap address: 0x0000000602c00000, size: 8148 MB, Compressed Oops mode: Non-zero based: 0x0000000602c00000
Narrow klass base: 0x0000000000000000, Narrow klass shift: 0

GC Heap History (0 events):
No events

Deoptimization events (0 events):
No events

Classes redefined (0 events):
No events

Internal exceptions (0 events):
No events

Events (1 events):
Event: 0.007 Loaded shared library C:\Users\user\.jdks\corretto-11.0.16.1\bin\zip.dll


Dynamic libraries:
0x00007ff68c390000 - 0x00007ff68c39d000 	C:\Users\user\.jdks\corretto-11.0.16.1\bin\java.exe
0x00007ffcdee30000 - 0x00007ffcdf028000 	C:\Windows\SYSTEM32\ntdll.dll
0x00007ffcde7c0000 - 0x00007ffcde87d000 	C:\Windows\System32\KERNEL32.DLL
0x00007ffcdc740000 - 0x00007ffcdca36000 	C:\Windows\System32\KERNELBASE.dll
0x00007ffcdca40000 - 0x00007ffcdcb40000 	C:\Windows\System32\ucrtbase.dll
0x00007ffcd44f0000 - 0x00007ffcd4509000 	C:\Users\user\.jdks\corretto-11.0.16.1\bin\VCRUNTIME140.dll
0x00007ffcd4250000 - 0x00007ffcd4267000 	C:\Users\user\.jdks\corretto-11.0.16.1\bin\jli.dll
0x00007ffcde3d0000 - 0x00007ffcde56e000 	C:\Windows\System32\USER32.dll
0x00007ffcdc5b0000 - 0x00007ffcdc5d2000 	C:\Windows\System32\win32u.dll
0x00007ffcdddb0000 - 0x00007ffcddddb000 	C:\Windows\System32\GDI32.dll
0x00007ffcb72c0000 - 0x00007ffcb755a000 	C:\Windows\WinSxS\amd64_microsoft.windows.common-controls_6595b64144ccf1df_6.0.19041.3636_none_60b6a03d71f818d5\COMCTL32.dll
0x00007ffcdcd50000 - 0x00007ffcdce67000 	C:\Windows\System32\gdi32full.dll
0x00007ffcde2f0000 - 0x00007ffcde38e000 	C:\Windows\System32\msvcrt.dll
0x00007ffcdcb90000 - 0x00007ffcdcc2d000 	C:\Windows\System32\msvcp_win.dll
0x00007ffcde390000 - 0x00007ffcde3c2000 	C:\Windows\System32\IMM32.DLL
0x00007ffcb3670000 - 0x00007ffcb370b000 	C:\Users\user\.jdks\corretto-11.0.16.1\bin\msvcp140.dll
0x00007ffc51e10000 - 0x00007ffc52994000 	C:\Users\user\.jdks\corretto-11.0.16.1\bin\server\jvm.dll
0x00007ffcdd460000 - 0x00007ffcdd513000 	C:\Windows\System32\ADVAPI32.dll
0x00007ffcdce70000 - 0x00007ffcdcf0f000 	C:\Windows\System32\sechost.dll
0x00007ffcde960000 - 0x00007ffcdea86000 	C:\Windows\System32\RPCRT4.dll
0x00007ffcdc580000 - 0x00007ffcdc5a7000 	C:\Windows\System32\bcrypt.dll
0x00007ffcdd650000 - 0x00007ffcdd658000 	C:\Windows\System32\PSAPI.DLL
0x00007ffcc2950000 - 0x00007ffcc2959000 	C:\Windows\SYSTEM32\WSOCK32.dll
0x00007ffcddf80000 - 0x00007ffcddfeb000 	C:\Windows\System32\WS2_32.dll
0x00007ffcc6630000 - 0x00007ffcc6657000 	C:\Windows\SYSTEM32\WINMM.dll
0x00007ffcd52d0000 - 0x00007ffcd52da000 	C:\Windows\SYSTEM32\VERSION.dll
0x00007ffcda360000 - 0x00007ffcda372000 	C:\Windows\SYSTEM32\kernel.appcore.dll
0x00007ffcd82c0000 - 0x00007ffcd82d0000 	C:\Users\user\.jdks\corretto-11.0.16.1\bin\verify.dll
0x00007ffcc82d0000 - 0x00007ffcc84b4000 	C:\Windows\SYSTEM32\DBGHELP.DLL
0x00007ffcc5c50000 - 0x00007ffcc5c84000 	C:\Windows\SYSTEM32\dbgcore.DLL
0x00007ffcdc4f0000 - 0x00007ffcdc572000 	C:\Windows\System32\bcryptPrimitives.dll
0x00007ffcd3980000 - 0x00007ffcd39a8000 	C:\Users\user\.jdks\corretto-11.0.16.1\bin\java.dll
0x00007ffcd8220000 - 0x00007ffcd822a000 	C:\Users\user\.jdks\corretto-11.0.16.1\bin\jimage.dll
0x00007ffcd8030000 - 0x00007ffcd803e000 	C:\Users\user\.jdks\corretto-11.0.16.1\bin\instrument.dll
0x00007ffcd4230000 - 0x00007ffcd4248000 	C:\Users\user\.jdks\corretto-11.0.16.1\bin\zip.dll

dbghelp: loaded successfully - version: 4.0.5 - missing functions: none
symbol engine: initialized successfully - sym options: 0x614 - pdb path: .;C:\Users\user\.jdks\corretto-11.0.16.1\bin;C:\Windows\SYSTEM32;C:\Windows\WinSxS\amd64_microsoft.windows.common-controls_6595b64144ccf1df_6.0.19041.3636_none_60b6a03d71f818d5;C:\Users\user\.jdks\corretto-11.0.16.1\bin\server

VM Arguments:
jvm_args: -ea -Didea.test.cyclic.buffer.size=1048576 -javaagent:C:\Program Files\JetBrains\IntelliJ IDEA 2023.3.4\lib\idea_rt.jar=1787:C:\Program Files\JetBrains\IntelliJ IDEA 2023.3.4\bin -Dfile.encoding=UTF-8 
java_command: com.intellij.rt.junit.JUnitStarter -ideVersion5 -junit5 TestServiceClaim,testGetClaimByEmail
java_class_path (initial): C:\Users\user\.m2\repository\org\junit\platform\junit-platform-launcher\1.8.2\junit-platform-launcher-1.8.2.jar;C:\Program Files\JetBrains\IntelliJ IDEA 2023.3.4\lib\idea_rt.jar;C:\Program Files\JetBrains\IntelliJ IDEA 2023.3.4\plugins\junit\lib\junit5-rt.jar;C:\Program Files\JetBrains\IntelliJ IDEA 2023.3.4\plugins\junit\lib\junit-rt.jar;C:\Users\user\IdeaProjects\HW3_Rest_Service\target\test-classes;C:\Users\user\IdeaProjects\HW3_Rest_Service\target\classes;C:\Users\user\.m2\repository\javax\servlet\javax.servlet-api\4.0.1\javax.servlet-api-4.0.1.jar;C:\Users\user\.m2\repository\org\junit\jupiter\junit-jupiter-api\5.8.2\junit-jupiter-api-5.8.2.jar;C:\Users\user\.m2\repository\org\opentest4j\opentest4j\1.2.0\opentest4j-1.2.0.jar;C:\Users\user\.m2\repository\org\junit\platform\junit-platform-commons\1.8.2\junit-platform-commons-1.8.2.jar;C:\Users\user\.m2\repository\org\apiguardian\apiguardian-api\1.1.2\apiguardian-api-1.1.2.jar;C:\Users\user\.m2\repository\org\junit\jupiter\junit-jupiter-engine\5.8.2\junit-jupiter-engine-5.8.2.jar;C:\Users\user\.m2\repository\org\junit\platform\junit-platform-engine\1.8.2\junit-platform-engine-1.8.2.jar;C:\Users\user\.m2\repository\org\projectlombok\lombok\1.18.24\lombok-1.18.24.jar;C:\Users\user\.m2\repository\org\postgresql\postgresql\42.2.10\postgresql-42.2.10.jar;C:\Users\user\.m2\repository\com\google\code\gson\gson\2.10.1\gson-2.10.1.jar;C:\Users\user\.m2\repository\org\modelmapper\modelmapper\2.3.0\modelmapper-2.3.0.jar;C:\Users\user\.m2\repository\org\mockito\mockito-core\5.10.0\mockito-core-5.10.0.jar;C:\Users\user\.m2\repository\net\bytebuddy\byte-buddy\1.14.11\byte-buddy-1.14.11.jar;C:\Users\user\.m2\repository\net\bytebuddy\byte-buddy-agent\1.14.11\byte-buddy-agent-1.14.11.jar;C:\Users\user\.m2\repository\org\objenesis\objenesis\3.3\objenesis-3.3.jar
Launcher Type: SUN_STANDARD

[Global flags]
     intx CICompilerCount                          = 4                                         {product} {ergonomic}
     uint ConcGCThreads                            = 3                                         {product} {ergonomic}
     uint G1ConcRefinementThreads                  = 10                                        {product} {ergonomic}
   size_t G1HeapRegionSize                         = 2097152                                   {product} {ergonomic}
    uintx GCDrainStackTargetSize                   = 64                                        {product} {ergonomic}
   size_t InitialHeapSize                          = 534773760                                 {product} {ergonomic}
   size_t MarkStackSize                            = 4194304                                   {product} {ergonomic}
   size_t MaxHeapSize                              = 8543797248                                {product} {ergonomic}
   size_t MinHeapDeltaBytes                        = 2097152                                   {product} {ergonomic}
    uintx NonNMethodCodeHeapSize                   = 5836300                                {pd product} {ergonomic}
    uintx NonProfiledCodeHeapSize                  = 122910970                              {pd product} {ergonomic}
    uintx ProfiledCodeHeapSize                     = 122910970                              {pd product} {ergonomic}
    uintx ReservedCodeCacheSize                    = 251658240                              {pd product} {ergonomic}
     bool SegmentedCodeCache                       = true                                      {product} {ergonomic}
     bool UseCompressedClassPointers               = true                                 {lp64_product} {ergonomic}
     bool UseCompressedOops                        = true                                 {lp64_product} {ergonomic}
     bool UseG1GC                                  = true                                      {product} {ergonomic}
     bool UseLargePagesIndividualAllocation        = false                                  {pd product} {ergonomic}

Logging:
Log output configuration:
 #0: stdout all=warning uptime,level,tags
 #1: stderr all=off uptime,level,tags

Environment Variables:
JAVA_HOME=C:\Java\jdk-17.0.1
JRE_HOME=C:\Program Files\Java\jdk-17
CLASSPATH=C:\Tomcat9\lib\servlet-api.jar
PATH=C:\Python310\Scripts\;C:\Python310\;C:\ProgramData\Oracle\Java\javapath;C:\Oracle19C\db_home\bin;C:\Program Files (x86)\Common Files\Oracle\Java\javapath;C:\Program Files\Microsoft MPI\Bin\;C:\Windows\system32;C:\Windows;C:\Windows\System32\Wbem;C:\Windows\System32\WindowsPowerShell\v1.0\;C:\Windows\System32\OpenSSH\;C:\Program Files (x86)\NVIDIA Corporation\PhysX\Common;C:\Program Files\NVIDIA Corporation\NVIDIA NvDLISR;C:\Program Files\Microsoft SQL Server\Client SDK\ODBC\170\Tools\Binn\;C:\Program Files\Azure Data Studio\bin;C:\Program Files\Microsoft SQL Server\130\Tools\Binn\;C:\Program Files\PuTTY\;C:\;C:\ProgramData\chocolatey\bin;C:\Program Files\dotnet\;C:\Program Files (x86)\HPE\LoadRunner\strawberry-perl\perl\bin;C:\strawberry\c\bin;C:\strawberry\perl\bin;C:\Program Files\Git\cmd;C:\Java\jdk-17.0.1\bin;;C:\Program Files\Docker\Docker\resources\bin;C:\Program Files\MySQL\MySQL Shell 8.0\bin\;C:\Users\user\AppData\Local\Microsoft\WindowsApps;C:\Users\user\AppData\Local\Programs\Microsoft VS Code\bin;C:\Program Files\Azure Data Studio\bin;C:\apache-maven-3.5.4\bin;C:\Program Files\Java\jdk1.8.0_291\bin;C:\Users\user\AppData\Roaming\npm;C:\Program Files\JetBrains\IntelliJ IDEA Community Edition 2022.1.1\bin;;C:\Program Files\JetBrains\IntelliJ IDEA 2022.1.1\bin;;C:\Users\user\.dotnet\tools;C:\Users\user\AppData\Local\JetBrains\Toolbox\scripts;C:\Program Files\JetBrains\IntelliJ IDEA Community Edition 2023.2\bin;;C:\Program Files\JetBrains\IntelliJ IDEA 2023.2\bin;
USERNAME=user
OS=Windows_NT
PROCESSOR_IDENTIFIER=Intel64 Family 6 Model 165 Stepping 2, GenuineIntel
TMP=C:\Users\user\AppData\Local\Temp
TEMP=C:\Users\user\AppData\Local\Temp



---------------  S Y S T E M  ---------------

OS: Windows 10 , 64 bit Build 19041 (10.0.19041.3636)
OS uptime: 12 days 18:27 hours
Hyper-V role detected

CPU:total 12 (initial active 12) (6 cores per cpu, 2 threads per core) family 6 model 165 stepping 2 microcode 0xe2, cmov, cx8, fxsr, mmx, sse, sse2, sse3, ssse3, sse4.1, sse4.2, popcnt, avx, avx2, aes, clmul, erms, 3dnowpref, lzcnt, ht, tsc, tscinvbit, bmi1, bmi2, adx, fma

Memory: 4k page, system-wide physical 32586M (15916M free)
TotalPageFile size 38730M (AvailPageFile size 199M)
current process WorkingSet (physical memory assigned to process): 10M, peak: 10M
current process commit charge ("private bytes"): 65M, peak: 575M

vm_info: OpenJDK 64-Bit Server VM (11.0.16.1+9-LTS) for windows-amd64 JRE (11.0.16.1+9-LTS), built on Aug 12 2022 20:01:58 by "Administrator" with MS VC++ 15.9 (VS2017)

END.
